2018-11-05 17:35:43 INFO <init>(FileDataModel.java:185) - Creating FileDataModel for file C:\Users\jzy\AppData\Local\Temp\ratings.txt
2018-11-05 17:35:43 INFO processFile(FileDataModel.java:357) - Reading file info...
2018-11-05 17:35:44 INFO processFile(FileDataModel.java:368) - Read lines: 9996
2018-11-05 17:35:44 INFO <init>(GenericDataModel.java:113) - Processed 84 users
2018-11-05 17:35:44 INFO queueItemIDsInBatches(MultithreadedBatchItemSimilarities.java:146) - Queued 2976 items in 30 batches
2018-11-05 17:38:55 INFO run(MultithreadedBatchItemSimilarities.java:219) - worker 1 processed 5 batches
2018-11-05 17:38:55 INFO run(MultithreadedBatchItemSimilarities.java:219) - worker 0 processed 5 batches
2018-11-05 17:38:55 INFO run(MultithreadedBatchItemSimilarities.java:219) - worker 2 processed 5 batches
2018-11-05 17:38:55 INFO run(MultithreadedBatchItemSimilarities.java:219) - worker 3 processed 5 batches
2018-11-05 17:38:55 INFO run(MultithreadedBatchItemSimilarities.java:226) - worker 0 processed 7 batches. done.
2018-11-05 17:38:55 INFO run(MultithreadedBatchItemSimilarities.java:226) - worker 2 processed 8 batches. done.
2018-11-05 17:38:55 INFO run(MultithreadedBatchItemSimilarities.java:226) - worker 1 processed 8 batches. done.
2018-11-05 17:38:55 INFO run(MultithreadedBatchItemSimilarities.java:226) - worker 3 processed 7 batches. done.
2018-11-05 17:51:38 INFO initialized(Log.java:188) - Logging initialized @338ms
2018-11-05 17:51:38 INFO doStart(Server.java:327) - jetty-9.2.5.v20141112
2018-11-05 17:51:39 INFO doStart(ContextHandler.java:744) - Started o.e.j.s.ServletContextHandler@7fcbe147{/,null,AVAILABLE}
2018-11-05 17:51:39 INFO doStart(AbstractConnector.java:266) - Started ServerConnector@4cc76301{HTTP/1.1}{0.0.0.0:9999}
2018-11-05 17:51:39 INFO doStart(Server.java:379) - Started @2052ms
2018-11-05 17:51:50 INFO <init>(FileDataModel.java:185) - Creating FileDataModel for file C:\Users\jzy\AppData\Local\Temp\ratings.txt
2018-11-05 17:51:50 INFO processFile(FileDataModel.java:357) - Reading file info...
2018-11-05 17:51:50 INFO processFile(FileDataModel.java:368) - Read lines: 9996
2018-11-05 17:51:50 INFO <init>(GenericDataModel.java:113) - Processed 84 users
2018-11-05 17:51:50 INFO queueItemIDsInBatches(MultithreadedBatchItemSimilarities.java:146) - Queued 2976 items in 30 batches
2018-11-05 17:51:51 INFO run(MultithreadedBatchItemSimilarities.java:219) - worker 0 processed 5 batches
2018-11-05 17:51:51 INFO run(MultithreadedBatchItemSimilarities.java:219) - worker 1 processed 5 batches
2018-11-05 17:51:51 INFO run(MultithreadedBatchItemSimilarities.java:219) - worker 2 processed 5 batches
2018-11-05 17:51:51 INFO run(MultithreadedBatchItemSimilarities.java:219) - worker 3 processed 5 batches
2018-11-05 17:51:51 INFO run(MultithreadedBatchItemSimilarities.java:226) - worker 1 processed 8 batches. done.
2018-11-05 17:51:51 INFO run(MultithreadedBatchItemSimilarities.java:226) - worker 2 processed 8 batches. done.
2018-11-05 17:51:51 INFO run(MultithreadedBatchItemSimilarities.java:226) - worker 3 processed 6 batches. done.
2018-11-05 17:51:51 INFO run(MultithreadedBatchItemSimilarities.java:226) - worker 0 processed 8 batches. done.
2018-11-05 17:52:13 INFO initialized(Log.java:188) - Logging initialized @302ms
2018-11-05 17:52:13 INFO doStart(Server.java:327) - jetty-9.2.5.v20141112
2018-11-05 17:52:14 INFO doStart(ContextHandler.java:744) - Started o.e.j.s.ServletContextHandler@546ccad7{/,null,AVAILABLE}
2018-11-05 17:52:14 INFO doStart(AbstractConnector.java:266) - Started ServerConnector@2a1edad4{HTTP/1.1}{0.0.0.0:9999}
2018-11-05 17:52:14 INFO doStart(Server.java:379) - Started @1422ms
2018-11-05 18:00:39 INFO <init>(FileDataModel.java:185) - Creating FileDataModel for file C:\Users\jzy\AppData\Local\Temp\ratings.txt
2018-11-05 18:00:39 INFO processFile(FileDataModel.java:357) - Reading file info...
2018-11-05 18:00:39 INFO processFile(FileDataModel.java:368) - Read lines: 9996
2018-11-05 18:00:39 INFO <init>(GenericDataModel.java:113) - Processed 84 users
2018-11-05 18:00:40 INFO queueItemIDsInBatches(MultithreadedBatchItemSimilarities.java:146) - Queued 2976 items in 30 batches
2018-11-05 18:06:46 INFO run(MultithreadedBatchItemSimilarities.java:219) - worker 3 processed 5 batches
2018-11-05 18:06:46 INFO run(MultithreadedBatchItemSimilarities.java:219) - worker 2 processed 5 batches
2018-11-05 18:06:46 INFO run(MultithreadedBatchItemSimilarities.java:219) - worker 0 processed 5 batches
2018-11-05 18:06:46 INFO run(MultithreadedBatchItemSimilarities.java:219) - worker 1 processed 5 batches
2018-11-05 18:06:46 INFO run(MultithreadedBatchItemSimilarities.java:226) - worker 1 processed 7 batches. done.
2018-11-05 18:06:46 INFO run(MultithreadedBatchItemSimilarities.java:226) - worker 2 processed 7 batches. done.
2018-11-05 18:06:46 INFO run(MultithreadedBatchItemSimilarities.java:226) - worker 0 processed 7 batches. done.
2018-11-05 18:06:46 INFO run(MultithreadedBatchItemSimilarities.java:226) - worker 3 processed 9 batches. done.
2018-11-05 18:10:03 INFO initialized(Log.java:188) - Logging initialized @360ms
2018-11-05 18:10:04 INFO doStart(Server.java:327) - jetty-9.2.5.v20141112
2018-11-05 18:10:04 INFO doStart(ContextHandler.java:744) - Started o.e.j.s.ServletContextHandler@7fcbe147{/,null,AVAILABLE}
2018-11-05 18:10:05 INFO doStart(AbstractConnector.java:266) - Started ServerConnector@5e32eea9{HTTP/1.1}{0.0.0.0:9999}
2018-11-05 18:10:05 INFO doStart(Server.java:379) - Started @1582ms
